make all --print-data-base --no-builtin-variables --no-builtin-rules --question
# GNU Make 3.81
# Copyright (C) 2006  Free Software Foundation, Inc.
# This is free software; see the source for copying conditions.
# There is NO warranty; not even for MERCHANTABILITY or FITNESS FOR A
# PARTICULAR PURPOSE.

# This program built for i386-apple-darwin11.3.0
 
make: *** No rule to make target `all'.  Stop.


# Make data base, printed on Tue Jul 26 19:51:01 2022

# Variables

 
# makefile (from `Makefile', line 285)
QEMUGDB = $(shell if $(QEMU) -help | grep -q '^-gdb'; then echo "-gdb tcp::$(GDBPORT)"; else echo "-s -p $(GDBPORT)"; fi)
# automatic
<D = $(patsubst %/,%,$(dir $<))
# automatic
?F = $(notdir $?)
# makefile (from `Makefile', line 86)
QEMU = qemu-system-riscv64
# automatic
?D = $(patsubst %/,%,$(dir $?))
# automatic
@D = $(patsubst %/,%,$(dir $@))
# automatic
@F = $(notdir $@)
# makefile
CURDIR := /Users/batman/6.828/xv6-labs-2021
# makefile (from `Makefile', line 8)
K = kernel
# makefile
SHELL = /bin/sh
# makefile (from `Makefile', line 9)
U = user
# environment
VSCODE_NLS_CONFIG = {"locale":"zh-cn","availableLanguages":{"*":"zh-cn"},"_languagePackId":"1d735750dbb1b9066c7513078396ba0f.zh-cn","_translationsConfigFile":"/Users/batman/Library/Application Support/Code/clp/1d735750dbb1b9066c7513078396ba0f.zh-cn/tcf.json","_cacheRoot":"/Users/batman/Library/Application Support/Code/clp/1d735750dbb1b9066c7513078396ba0f.zh-cn","_resolvedLanguagePackCoreLocation":"/Users/batman/Library/Application Support/Code/clp/1d735750dbb1b9066c7513078396ba0f.zh-cn/3b889b090b5ad5793f524b5d1d39fda662b96a2a","_corruptedFile":"/Users/batman/Library/Application Support/Code/clp/1d735750dbb1b9066c7513078396ba0f.zh-cn/corrupted.info","_languagePackSupport":true}
# environment
_ = /usr/bin/make
# makefile (from `Makefile', line 119)
CFLAGS = -Wall -Werror -O -fno-omit-frame-pointer -ggdb $(XCFLAGS) -MD -mcmodel=medany -ffreestanding -fno-common -nostdlib -mno-relax -I. $(shell $(CC) -fno-stack-protector -E -x c /dev/null >/dev/null 2>&1 && echo -fno-stack-protector) -fno-pie -no-pie
# makefile (from `Makefile', line 381)
UPSTREAM := origin
# environment
HOMEBREW_CORE_GIT_REMOTE = https://mirrors.tuna.tsinghua.edu.cn/git/homebrew/homebrew-core.git
# makefile (from `Makefile', line 283)
GDBPORT = $(shell expr `id -u` % 5000 + 25000)
# makefile (from `conf/lab.mk', line 1)
MAKEFILE_LIST :=  Makefile conf/lab.mk
# makefile (from `Makefile', line 89)
AS = $(TOOLPREFIX)gas
# environment
__CFBundleIdentifier = com.microsoft.VSCode
# environment
INFOPATH = /opt/homebrew/share/info:
# environment
VSCODE_CWD = /
# makefile (from `Makefile', line 35)
OBJS_KCSAN = $K/start.o $K/console.o $K/printf.o $K/uart.o $K/spinlock.o
# environment
PATH = /Users/batman/opt/anaconda3/bin:/Users/batman/opt/anaconda3/condabin:/opt/local/bin:/opt/local/sbin:/opt/homebrew/bin:/opt/homebrew/sbin:/usr/local/bin:/usr/bin:/bin:/usr/sbin:/sbin:/usr/local/share/dotnet:~/.dotnet/tools:/Library/Apple/usr/bin:/Library/Frameworks/Mono.framework/Versions/Current/Commands:/usr/local/opt/riscv-gnu-toolchain/bin
# makefile (from `Makefile', line 90)
LD = $(TOOLPREFIX)ld
# makefile (from `Makefile', line 289)
CPUS := 3
# environment
HOMEBREW_BREW_GIT_REMOTE = https://mirrors.tuna.tsinghua.edu.cn/git/homebrew/brew.git
# environment
ELECTRON_RUN_AS_NODE = 1
# makefile (from `Makefile', line 125)
LDFLAGS = -z max-page-size=4096
# makefile (from `Makefile', line 147)
ULIB = $U/ulib.o $U/usys.o $U/printf.o $U/umalloc.o
# default
.FEATURES := target-specific order-only second-expansion else-if archives jobserver check-symlink
# environment
SSH_AUTH_SOCK = /private/tmp/com.apple.launchd.aJguTuO3sF/Listeners
# automatic
%F = $(notdir $%)
# environment
CONDA_EXE = /Users/batman/opt/anaconda3/bin/conda
# makefile (from `Makefile', line 11)
OBJS = $K/entry.o $K/kalloc.o $K/string.o $K/main.o $K/vm.o $K/proc.o $K/swtch.o $K/trampoline.o $K/trap.o $K/syscall.o $K/sysproc.o $K/bio.o $K/fs.o $K/log.o $K/sleeplock.o $K/file.o $K/pipe.o $K/exec.o $K/sysfile.o $K/kernelvec.o $K/plic.o $K/virtio_disk.o
# environment
PWD = /Users/batman/6.828/xv6-labs-2021
# environment
HOMEBREW_CELLAR = /opt/homebrew/Cellar
# environment
ORIGINAL_XDG_CURRENT_DESKTOP = undefined
# makefile (from `conf/lab.mk', line 1)
LAB = syscall
# environment
MANPATH = /opt/local/share/man:/opt/homebrew/share/man::
# environment
VSCODE_AMD_ENTRYPOINT = vs/workbench/api/node/extensionHostProcess
# environment
HOME = /Users/batman
# makefile (from `Makefile', line 97)
LABUPPER = $(shell echo $(LAB) | tr a-z A-Z)
# default
MAKEFILEPATH := /Applications/Xcode.app/Contents/Developer/Makefiles
# makefile (from `Makefile', line 349)
WEBSUB := https://6828.scripts.mit.edu/2021/handin.py
# environment
VSCODE_CODE_CACHE_PATH = /Users/batman/Library/Application Support/Code/CachedData/3b889b090b5ad5793f524b5d1d39fda662b96a2a
# environment
LOGNAME = batman
# environment
APPLICATION_INSIGHTS_NO_DIAGNOSTIC_CHANNEL = true
# environment
CONDA_PROMPT_MODIFIER = (base) 
# environment
VSCODE_HANDLES_UNCAUGHT_ERRORS = true
# automatic
^D = $(patsubst %/,%,$(dir $^))
# environment
CONDA_DEFAULT_ENV = base
# environment
XPC_FLAGS = 0x0
# default
MAKE = $(MAKE_COMMAND)
# default
MAKECMDGOALS := all
# environment
SHLVL = 1
# makefile (from `Makefile', line 88)
CC = $(TOOLPREFIX)gcc
# makefile (from `Makefile', line 74)
 
TOOLPREFIX := riscv64-unknown-elf-
# default
MAKE_VERSION := 3.81
# environment
USER = batman
# makefile
.DEFAULT_GOAL := kernel/kernel
# environment
HOMEBREW_BOTTLE_DOMAIN = https://mirrors.ustc.edu.cn/homebrew-bottles
# automatic
%D = $(patsubst %/,%,$(dir $%))
# environment
CONDA_SHLVL = 1
# default
MAKE_COMMAND := /Applications/Xcode.app/Contents/Developer/usr/bin/make
# default
.VARIABLES := 
# environment
TMPDIR = /var/folders/7f/lndktvh54dj4b_vxbvdq8__40000gn/T/
# automatic
*F = $(notdir $*)
# environment
VSCODE_IPC_HOOK = /Users/batman/Library/Application Support/Code/1.69.2-main.sock
# environment
MallocNanoZone = 0
# makefile
MAKEFLAGS = Rrqp
# environment
MFLAGS = -Rrqp
# automatic
*D = $(patsubst %/,%,$(dir $*))
# environment
XPC_SERVICE_NAME = application.com.microsoft.VSCode.6996966.6996972
# environment
HOMEBREW_PREFIX = /opt/homebrew
# automatic
+D = $(patsubst %/,%,$(dir $+))
# makefile (from `Makefile', line 92)
OBJDUMP = $(TOOLPREFIX)objdump
# automatic
+F = $(notdir $+)
# environment
HOMEBREW_REPOSITORY = /opt/homebrew
# makefile (from `Makefile', line 98)
XCFLAGS = -DSOL_$(LABUPPER) -DLAB_$(LABUPPER)
# makefile (from `Makefile', line 299)
QEMUOPTS = -machine virt -bios none -kernel $K/kernel -m 128M -smp $(CPUS) -nographic -drive file=fs.img,if=none,format=raw,id=x0 -device virtio-blk-device,drive=x0,bus=virtio-mmio-bus.0
# environment
__CF_USER_TEXT_ENCODING = 0x1F5:0x19:0x34
# environment
COMMAND_MODE = unix2003
# makefile (from `Makefile', line 332)
GRADEFLAGS = -v
# default
MAKEFILES := 
# automatic
<F = $(notdir $<)
# makefile (from `Makefile', line 262)
UEXTRA = 
# makefile (from `Makefile', line 295)
FWDPORT = $(shell expr `id -u` % 5000 + 25999)
# environment
LC_ALL = C
# environment
CONDA_PYTHON_EXE = /Users/batman/opt/anaconda3/bin/python
# automatic
^F = $(notdir $^)
# makefile (from `Makefile', line 91)
OBJCOPY = $(TOOLPREFIX)objcopy
# default
SUFFIXES := 
# makefile (from `Makefile', line 179)
UPROGS = $U/_cat $U/_echo $U/_forktest $U/_grep $U/_init $U/_kill $U/_ln $U/_ls $U/_mkdir $U/_rm $U/_sh $U/_stressfs $U/_usertests $U/_grind $U/_wc $U/_zombie $U/_sleep $U/_pingpong $U/_primes $U/_find $U/_xargs $U/_trace $U/_sysinfotest
# environment
_CE_M = 
# default
.INCLUDE_DIRS = /usr/local/include
# environment
MAKELEVEL := 0
# environment
CONDA_PREFIX = /Users/batman/opt/anaconda3
# environment
VSCODE_PID = 36483
# environment
_CE_CONDA = 
# environment
LANG = C
# variable set hash-table stats:
# Load=101/1024=10%, Rehash=0, Collisions=17/356=5%

# Pattern-specific Variable Values

# No pattern-specific variable values.

# Directories

# user (device 16777231, inode 7039018): 32 files, no impossibilities.
# kernel (device 16777231, inode 7038969): 49 files, no impossibilities.
# . (device 16777231, inode 7038877): 20 files, no impossibilities.

# 101 files, no impossibilities in 3 directories.

# Implicit Rules

kernel/%.o: kernel/%.c
#  commands to execute (from `Makefile', line 135):
	$(CC) $(CFLAGS) $(EXTRAFLAG) -c -o $@ $<
	

_%: %.o user/ulib.o user/usys.o user/printf.o user/umalloc.o
#  commands to execute (from `Makefile', line 154):
	$(LD) $(LDFLAGS) -N -e main -Ttext 0 -o $@ $^
	$(OBJDUMP) -S $@ > $*.asm
	$(OBJDUMP) -t $@ | sed '1,/SYMBOL TABLE/d; s/ .* / /; /^$$/d' > $*.sym
	

# 2 implicit rules, 0 (0.0%) terminal.

# Files

# Not a target:
user/_ln:
#  Implicit rule search has not been done.
#  Modification time never checked.
#  File has not been updated.

# Not a target:
user/_trace:
#  Implicit rule search has not been done.
#  Modification time never checked.
#  File has not been updated.

# Not a target:
kernel/fs.o:
#  Implicit rule search has not been done.
#  Modification time never checked.
#  File has not been updated.
# makefile (from `Makefile', line 132)
# EXTRAFLAG := 
# variable set hash-table stats:
# Load=1/32=3%, Rehash=0, Collisions=0/2=0%

handin: tarball-pref myapi.key
#  Phony target (prerequisite of .PHONY).
#  Implicit rule search has not been done.
#  File does not exist.
#  File has not been updated.
#  commands to execute (from `Makefile', line 352):
	@SUF=$(LAB); \
	curl -f -F file=@lab-$$SUF-handin.tar.gz -F key=\<myapi.key $(WEBSUB)/upload \
	> /dev/null || { \
	echo ; \
	echo Submit seems to have failed.; \
	echo Please go to $(WEBSUB)/ and upload the tarball manually.; }
	

qemu: kernel/kernel fs.img
#  Implicit rule search has not been done.
 
#  Modification time never checked.
#  File has not been updated.
#  commands to execute (from `Makefile', line 307):
	$(QEMU) $(QEMUOPTS)
	

# Not a target:
kernel/exec.o:
#  Implicit rule search has not been done.
#  Modification time never checked.
#  File has not been updated.
# makefile (from `Makefile', line 132)
# EXTRAFLAG := 
# variable set hash-table stats:
# Load=1/32=3%, Rehash=0, Collisions=0/2=0%

mkfs/mkfs: mkfs/mkfs.c kernel/fs.h kernel/param.h
#  Implicit rule search has not been done.
#  Modification time never checked.
#  File has not been updated.
#  commands to execute (from `Makefile', line 171):
	gcc $(XCFLAGS) -Werror -Wall -I. -o mkfs/mkfs mkfs/mkfs.c
	

# Not a target:
user/_mkdir:
#  Implicit rule search has not been done.
#  Modification time never checked.
#  File has not been updated.

# Not a target:
all:
#  Command-line target.
#  Implicit rule search has been done.
#  File does not exist.
#  File has not been updated.
# variable set hash-table stats:
# Load=0/32=0%, Rehash=0, Collisions=0/0=0%

# Not a target:
%.o:
#  Precious file (prerequisite of .PRECIOUS).
#  Implicit rule search has not been done.
#  Modification time never checked.
#  File has not been updated.

.PHONY: handin tarball tarball-pref clean grade handin-check
#  Implicit rule search has not been done.
#  Modification time never checked.
#  File has not been updated.

# Not a target:
kernel/kernel.ld:
#  Implicit rule search has not been done.
#  Modification time never checked.
#  File has not been updated.

# Not a target:
kernel/uart.o:
#  Implicit rule search has not been done.
#  Modification time never checked.
#  File has not been updated.

# Not a target:
kernel/sleeplock.o:
#  Implicit rule search has not been done.
#  Modification time never checked.
#  File has not been updated.
# makefile (from `Makefile', line 132)
# EXTRAFLAG := 
# variable set hash-table stats:
# Load=1/32=3%, Rehash=0, Collisions=0/2=0%

# Not a target:
kernel/plic.o:
#  Implicit rule search has not been done.
#  Modification time never checked.
#  File has not been updated.
# makefile (from `Makefile', line 132)
# EXTRAFLAG := 
# variable set hash-table stats:
# Load=1/32=3%, Rehash=0, Collisions=0/2=0%

# Not a target:
user/_init:
#  Implicit rule search has not been done.
#  Modification time never checked.
#  File has not been updated.

# Not a target:
kernel/log.o:
#  Implicit rule search has not been done.
#  Modification time never checked.
#  File has not been updated.
# makefile (from `Makefile', line 132)
# EXTRAFLAG := 
# variable set hash-table stats:
# Load=1/32=3%, Rehash=0, Collisions=0/2=0%

handin-check:
#  Phony target (prerequisite of .PHONY).
#  Implicit rule search has not been done.
#  File does not exist.
#  File has not been updated.
#  commands to execute (from `Makefile', line 360):
	@if ! test -d .git; then \
	echo No .git directory, is this a git repository?; \
	false; \
	fi
	@if test "$$(git symbolic-ref HEAD)" != refs/heads/$(LAB); then \
	git branch; \
	read -p "You are not on the $(LAB) branch.  Hand-in the current branch? [y/N] " r; \
	test "$$r" = y; \
	fi
	@if ! git diff-files --quiet || ! git diff-index --quiet --cached HEAD; then \
	git status -s; \
	echo; \
	echo "You have uncomitted changes.  Please commit or stash them."; \
	false; \
	fi
	@if test -n "`git status -s`"; then \
	git status -s; \
	read -p "Untracked files will not be handed in.  Continue? [y/N] " r; \
	test "$$r" = y; \
	fi
	

user/usys.S: user/usys.pl
#  Implicit rule search has not been done.
#  Modification time never checked.
#  File has not been updated.
#  commands to execute (from `Makefile', line 159):
	perl $U/usys.pl > $U/usys.S
	

.PRECIOUS: %.o
#  Implicit rule search has not been done.
#  Modification time never checked.
#  File has not been updated.

# Not a target:
README:
#  Implicit rule search has not been done.
#  Modification time never checked.
#  File has not been updated.

# Not a target:
kernel/syscall.o:
#  Implicit rule search has not been done.
#  Modification time never checked.
#  File has not been updated.
# makefile (from `Makefile', line 132)
# EXTRAFLAG := 
# variable set hash-table stats:
# Load=1/32=3%, Rehash=0, Collisions=0/2=0%

print-gdbport:
#  Implicit rule search has not been done.
#  Modification time never checked.
#  File has not been updated.
#  commands to execute (from `Makefile', line 336):
	@echo $(GDBPORT)
	

# Not a target:
kernel/vm.o:
#  Implicit rule search has not been done.
#  Modification time never checked.
#  File has not been updated.
# makefile (from `Makefile', line 132)
# EXTRAFLAG := 
# variable set hash-table stats:
# Load=1/32=3%, Rehash=0, Collisions=0/2=0%

# Not a target:
kernel/trampoline.o:
#  Implicit rule search has not been done.
#  Modification time never checked.
#  File has not been updated.
# makefile (from `Makefile', line 132)
# EXTRAFLAG := 
# variable set hash-table stats:
# Load=1/32=3%, Rehash=0, Collisions=0/2=0%

# Not a target:
user/_stressfs:
#  Implicit rule search has not been done.
#  Modification time never checked.
#  File has not been updated.

# Not a target:
user/initcode.S:
#  Implicit rule search has not been done.
#  Modification time never checked.
#  File has not been updated.

# Not a target:
_init:
#  Implicit rule search has not been done.
#  Modification time never checked.
#  File has not been updated.

# Not a target:
.SUFFIXES:
#  Implicit rule search has not been done.
#  Modification time never checked.
#  File has not been updated.

# Not a target:
user/forktest.o:
#  Implicit rule search has not been done.
#  Modification time never checked.
#  File has not been updated.

tags: kernel/entry.o kernel/kalloc.o kernel/string.o kernel/main.o kernel/vm.o kernel/proc.o kernel/swtch.o kernel/trampoline.o kernel/trap.o kernel/syscall.o kernel/sysproc.o kernel/bio.o kernel/fs.o kernel/log.o kernel/sleeplock.o kernel/file.o kernel/pipe.o kernel/exec.o kernel/sysfile.o kernel/kernelvec.o kernel/plic.o kernel/virtio_disk.o _init
#  Implicit rule search has not been done.
#  Modification time never checked.
#  File has not been updated.
#  commands to execute (from `Makefile', line 145):
	etags *.S *.c
	

user/_forktest: user/forktest.o user/ulib.o user/usys.o user/printf.o user/umalloc.o
#  Implicit rule search has not been done.
#  Modification time never checked.
#  File has not been updated.
#  commands to execute (from `Makefile', line 165):
	# forktest has less library code linked in - needs to be small
	# in order to be able to max out the proc table.
	$(LD) $(LDFLAGS) -N -e main -Ttext 0 -o $U/_forktest $U/forktest.o $U/ulib.o $U/usys.o
	$(OBJDUMP) -S $U/_forktest > $U/forktest.asm
	

# Not a target:
Makefile:
#  Implicit rule search has been done.
#  Last modified 2022-07-26 18:09:00
#  File has been updated.
#  Successfully updated.
# variable set hash-table stats:
# Load=0/32=0%, Rehash=0, Collisions=0/0=0%

tarball: handin-check
#  Phony target (prerequisite of .PHONY).
#  Implicit rule search has not been done.
#  File does not exist.
#  File has not been updated.
#  commands to execute (from `Makefile', line 384):
	git archive --format=tar HEAD | gzip > lab-$(LAB)-handin.tar.gz
	

# Not a target:
kernel/kalloc.o:
#  Implicit rule search has not been done.
#  Modification time never checked.
 
#  File has not been updated.
# makefile (from `Makefile', line 132)
# EXTRAFLAG := 
# variable set hash-table stats:
# Load=1/32=3%, Rehash=0, Collisions=0/2=0%

grade:
#  Phony target (prerequisite of .PHONY).
#  Implicit rule search has not been done.
#  File does not exist.
#  File has not been updated.
#  commands to execute (from `Makefile', line 339):
	@echo $(MAKE) clean
	@$(MAKE) clean || \
	(echo "'make clean' failed.  HINT: Do you have another running instance of xv6?" && exit 1)
	./grade-lab-$(LAB) $(GRADEFLAGS)
	

# Not a target:
user/_rm:
#  Implicit rule search has not been done.
#  Modification time never checked.
#  File has not been updated.

# Not a target:
user/_sleep:
#  Implicit rule search has not been done.
#  Modification time never checked.
#  File has not been updated.

# Not a target:
.gdbinit.tmpl-riscv:
#  Implicit rule search has not been done.
#  Modification time never checked.
#  File has not been updated.

# Not a target:
mkfs/mkfs.c:
#  Implicit rule search has not been done.
#  Modification time never checked.
#  File has not been updated.

# Not a target:
user/_xargs:
#  Implicit rule search has not been done.
#  Modification time never checked.
#  File has not been updated.

kernel/kernel: kernel/entry.o kernel/kalloc.o kernel/string.o kernel/main.o kernel/vm.o kernel/proc.o kernel/swtch.o kernel/trampoline.o kernel/trap.o kernel/syscall.o kernel/sysproc.o kernel/bio.o kernel/fs.o kernel/log.o kernel/sleeplock.o kernel/file.o kernel/pipe.o kernel/exec.o kernel/sysfile.o kernel/kernelvec.o kernel/plic.o kernel/virtio_disk.o kernel/start.o kernel/console.o kernel/printf.o kernel/uart.o kernel/spinlock.o kernel/kernel.ld user/initcode
#  Implicit rule search has not been done.
#  Modification time never checked.
#  File has not been updated.
#  commands to execute (from `Makefile', line 128):
	$(LD) $(LDFLAGS) -T $K/kernel.ld -o $K/kernel $(OBJS) $(OBJS_KCSAN)
	$(OBJDUMP) -S $K/kernel > $K/kernel.asm
	$(OBJDUMP) -t $K/kernel | sed '1,/SYMBOL TABLE/d; s/ .* / /; /^$$/d' > $K/kernel.sym
	

# Not a target:
user/printf.o:
#  Implicit rule search has not been done.
#  Modification time never checked.
#  File has not been updated.

# Not a target:
user/_cat:
#  Implicit rule search has not been done.
#  Modification time never checked.
#  File has not been updated.

# Not a target:
kernel/bio.o:
#  Implicit rule search has not been done.
#  Modification time never checked.
#  File has not been updated.
# makefile (from `Makefile', line 132)
# EXTRAFLAG := 
# variable set hash-table stats:
# Load=1/32=3%, Rehash=0, Collisions=0/2=0%

# Not a target:
user/_sh:
#  Implicit rule search has not been done.
#  Modification time never checked.
#  File has not been updated.

.gdbinit: .gdbinit.tmpl-riscv
#  Implicit rule search has not been done.
#  Modification time never checked.
#  File has not been updated.
#  commands to execute (from `Makefile', line 310):
	sed "s/:1234/:$(GDBPORT)/" < $^ > $@
	

# Not a target:
user/_kill:
#  Implicit rule search has not been done.
#  Modification time never checked.
#  File has not been updated.

# Not a target:
kernel/fs.h:
#  Implicit rule search has not been done.
#  Modification time never checked.
#  File has not been updated.

# Not a target:
kernel/sysproc.o:
#  Implicit rule search has not been done.
#  Modification time never checked.
#  File has not been updated.
# makefile (from `Makefile', line 132)
# EXTRAFLAG := 
# variable set hash-table stats:
# Load=1/32=3%, Rehash=0, Collisions=0/2=0%

# Not a target:
user/_echo:
#  Implicit rule search has not been done.
#  Modification time never checked.
#  File has not been updated.

fs.img: mkfs/mkfs README user/_cat user/_echo user/_forktest user/_grep user/_init user/_kill user/_ln user/_ls user/_mkdir user/_rm user/_sh user/_stressfs user/_usertests user/_grind user/_wc user/_zombie user/_sleep user/_pingpong user/_primes user/_find user/_xargs user/_trace user/_sysinfotest
#  Implicit rule search has not been done.
#  Modification time never checked.
#  File has not been updated.
#  commands to execute (from `Makefile', line 269):
	mkfs/mkfs fs.img README $(UEXTRA) $(UPROGS)
	

# Not a target:
user/_sysinfotest:
#  Implicit rule search has not been done.
#  Modification time never checked.
#  File has not been updated.

# Not a target:
kernel/swtch.o:
#  Implicit rule search has not been done.
#  Modification time never checked.
#  File has not been updated.
# makefile (from `Makefile', line 132)
# EXTRAFLAG := 
# variable set hash-table stats:
# Load=1/32=3%, Rehash=0, Collisions=0/2=0%

# Not a target:
user/umalloc.o:
#  Implicit rule search has not been done.
#  Modification time never checked.
#  File has not been updated.

# Not a target:
conf/lab.mk:
#  A default, MAKEFILES, or -include/sinclude makefile.
#  Implicit rule search has been done.
#  Last modified 2022-07-26 17:27:47
#  File has been updated.
#  Successfully updated.
# variable set hash-table stats:
# Load=0/32=0%, Rehash=0, Collisions=0/0=0%

# Not a target:
.DEFAULT:
#  Implicit rule search has not been done.
#  Modification time never checked.
#  File has not been updated.

# Not a target:
kernel/file.o:
#  Implicit rule search has not been done.
#  Modification time never checked.
#  File has not been updated.
# makefile (from `Makefile', line 132)
# EXTRAFLAG := 
# variable set hash-table stats:
# Load=1/32=3%, Rehash=0, Collisions=0/2=0%

# Not a target:
kernel/spinlock.o:
#  Implicit rule search has not been done.
#  Modification time never checked.
#  File has not been updated.

# Not a target:
kernel/proc.o:
#  Implicit rule search has not been done.
#  Modification time never checked.
#  File has not been updated.
# makefile (from `Makefile', line 132)
# EXTRAFLAG := 
# variable set hash-table stats:
# Load=1/32=3%, Rehash=0, Collisions=0/2=0%

# Not a target:
kernel/param.h:
#  Implicit rule search has not been done.
#  Modification time never checked.
#  File has not been updated.

# Not a target:
kernel/string.o:
#  Implicit rule search has not been done.
#  Modification time never checked.
#  File has not been updated.
# makefile (from `Makefile', line 132)
# EXTRAFLAG := 
# variable set hash-table stats:
# Load=1/32=3%, Rehash=0, Collisions=0/2=0%

# Not a target:
user/_find:
#  Implicit rule search has not been done.
#  Modification time never checked.
#  File has not been updated.

qemu-gdb: kernel/kernel .gdbinit fs.img
#  Implicit rule search has not been done.
#  Modification time never checked.
#  File has not been updated.
#  commands to execute (from `Makefile', line 313):
	@echo "*** Now run 'gdb' in another window." 1>&2
	$(QEMU) $(QEMUOPTS) -S $(QEMUGDB)
	

# Not a target:
kernel/sysfile.o:
#  Implicit rule search has not been done.
#  Modification time never checked.
#  File has not been updated.
# makefile (from `Makefile', line 132)
# EXTRAFLAG := 
# variable set hash-table stats:
# Load=1/32=3%, Rehash=0, Collisions=0/2=0%

clean:
#  Phony target (prerequisite of .PHONY).
#  Implicit rule search has not been done.
#  File does not exist.
#  File has not been updated.
#  commands to execute (from `Makefile', line 274):
	rm -f *.tex *.dvi *.idx *.aux *.log *.ind *.ilg \
	*/*.o */*.d */*.asm */*.sym \
	$U/initcode $U/initcode.out $K/kernel fs.img \
	mkfs/mkfs .gdbinit \
	$U/usys.S \
	$(UPROGS) \
	ph barrier
	

# Not a target:
kernel/kernelvec.o:
#  Implicit rule search has not been done.
#  Modification time never checked.
#  File has not been updated.
# makefile (from `Makefile', line 132)
# EXTRAFLAG := 
# variable set hash-table stats:
# Load=1/32=3%, Rehash=0, Collisions=0/2=0%

# Not a target:
user/_pingpong:
#  Implicit rule search has not been done.
#  Modification time never checked.
#  File has not been updated.

tarball-pref: handin-check
#  Phony target (prerequisite of .PHONY).
#  Implicit rule search has not been done.
#  File does not exist.
#  File has not been updated.
#  commands to execute (from `Makefile', line 387):
	@SUF=$(LAB); \
	git archive --format=tar HEAD > lab-$$SUF-handin.tar; \
	git diff $(UPSTREAM)/$(LAB) > /tmp/lab-$$SUF-diff.patch; \
 
	tar -rf lab-$$SUF-handin.tar /tmp/lab-$$SUF-diff.patch; \
	gzip -c lab-$$SUF-handin.tar > lab-$$SUF-handin.tar.gz; \
	rm lab-$$SUF-handin.tar; \
	rm /tmp/lab-$$SUF-diff.patch; \
	

# Not a target:
user/_zombie:
#  Implicit rule search has not been done.
#  Modification time never checked.
#  File has not been updated.

# Not a target:
kernel/virtio_disk.o:
#  Implicit rule search has not been done.
#  Modification time never checked.
#  File has not been updated.
# makefile (from `Makefile', line 132)
# EXTRAFLAG := 
# variable set hash-table stats:
# Load=1/32=3%, Rehash=0, Collisions=0/2=0%

# Not a target:
user/*.d:
#  A default, MAKEFILES, or -include/sinclude makefile.
#  Implicit rule search has been done.
#  File does not exist.
#  File has been updated.
#  Failed to be updated.
# variable set hash-table stats:
# Load=0/32=0%, Rehash=0, Collisions=0/0=0%

# Not a target:
kernel/printf.o:
#  Implicit rule search has not been done.
#  Modification time never checked.
#  File has not been updated.

# Not a target:
user/_primes:
#  Implicit rule search has not been done.
#  Modification time never checked.
#  File has not been updated.

# Not a target:
user/_usertests:
#  Implicit rule search has not been done.
#  Modification time never checked.
#  File has not been updated.

# Not a target:
kernel/trap.o:
#  Implicit rule search has not been done.
#  Modification time never checked.
#  File has not been updated.
# makefile (from `Makefile', line 132)
# EXTRAFLAG := 
# variable set hash-table stats:
# Load=1/32=3%, Rehash=0, Collisions=0/2=0%

myapi.key:
#  Implicit rule search has not been done.
#  Modification time never checked.
#  File has not been updated.
#  commands to execute (from `Makefile', line 396):
	@echo Get an API key for yourself by visiting $(WEBSUB)/
	@read -p "Please enter your API key: " k; \
	if test `echo "$$k" |tr -d '\n' |wc -c` = 32 ; then \
	TF=`mktemp -t tmp.XXXXXX`; \
	if test "x$$TF" != "x" ; then \
	echo "$$k" |tr -d '\n' > $$TF; \
	mv -f $$TF $@; \
	else \
	echo mktemp failed; \
	false; \
	fi; \
	else \
	echo Bad API key: $$k; \
	echo An API key should be 32 characters long.; \
	false; \
	fi;
	

# Not a target:
user/_wc:
#  Implicit rule search has not been done.
#  Modification time never checked.
#  File has not been updated.

# Not a target:
kernel/start.o:
#  Implicit rule search has not been done.
#  Modification time never checked.
#  File has not been updated.

user/usys.o: user/usys.S
#  Implicit rule search has not been done.
#  Modification time never checked.
#  File has not been updated.
#  commands to execute (from `Makefile', line 162):
	$(CC) $(CFLAGS) -c -o $U/usys.o $U/usys.S
	

# Not a target:
user/_ls:
#  Implicit rule search has not been done.
#  Modification time never checked.
#  File has not been updated.

# Not a target:
user/usys.pl:
#  Implicit rule search has not been done.
#  Modification time never checked.
#  File has not been updated.

# Not a target:
kernel/console.o:
#  Implicit rule search has not been done.
#  Modification time never checked.
#  File has not been updated.

# Not a target:
user/ulib.o:
#  Implicit rule search has not been done.
#  Modification time never checked.
#  File has not been updated.

user/initcode: user/initcode.S
#  Implicit rule search has not been done.
#  Modification time never checked.
#  File has not been updated.
#  commands to execute (from `Makefile', line 139):
	$(CC) $(CFLAGS) -march=rv64g -nostdinc -I. -Ikernel -c $U/initcode.S -o $U/initcode.o
	$(LD) $(LDFLAGS) -N -e start -Ttext 0 -o $U/initcode.out $U/initcode.o
	$(OBJCOPY) -S -O binary $U/initcode.out $U/initcode
	$(OBJDUMP) -S $U/initcode.o > $U/initcode.asm
	

# Not a target:
kernel/entry.o:
#  Implicit rule search has not been done.
#  Modification time never checked.
#  File has not been updated.
# makefile (from `Makefile', line 132)
# EXTRAFLAG := 
# variable set hash-table stats:
# Load=1/32=3%, Rehash=0, Collisions=0/2=0%

# Not a target:
kernel/pipe.o:
#  Implicit rule search has not been done.
#  Modification time never checked.
#  File has not been updated.
# makefile (from `Makefile', line 132)
# EXTRAFLAG := 
# variable set hash-table stats:
# Load=1/32=3%, Rehash=0, Collisions=0/2=0%

# Not a target:
user/_grep:
#  Implicit rule search has not been done.
#  Modification time never checked.
#  File has not been updated.

# Not a target:
kernel/*.d:
#  A default, MAKEFILES, or -include/sinclude makefile.
#  Implicit rule search has been done.
#  File does not exist.
#  File has been updated.
#  Failed to be updated.
# variable set hash-table stats:
# Load=0/32=0%, Rehash=0, Collisions=0/0=0%

# Not a target:
user/_grind:
#  Implicit rule search has not been done.
#  Modification time never checked.
#  File has not been updated.

# Not a target:
kernel/main.o:
#  Implicit rule search has not been done.
#  Modification time never checked.
#  File has not been updated.
# makefile (from `Makefile', line 132)
# EXTRAFLAG := 
# variable set hash-table stats:
# Load=1/32=3%, Rehash=0, Collisions=0/2=0%

# files hash-table stats:
# Load=91/1024=9%, Rehash=0, Collisions=4/233=2%
# VPATH Search Paths

# No `vpath' search paths.

# No general (`VPATH' variable) search path.

# # of strings in strcache: 4
# # of strcache buffers: 1
# strcache size: total = 4096 / max = 4096 / min = 4096 / avg = 4096
# strcache free: total = 4055 / max = 4055 / min = 4055 / avg = 4055

# Finished Make data base on Tue Jul 26 19:51:01 2022

 
